<?xml version="1.0" encoding="UTF-8"?>
<!-- Generated by org.testng.reporters.JUnitReportReporter -->
<testsuite hostname="DESKTOP-4R6OVPN" failures="0" tests="2" name="testLayer.TestClass1" time="44.789" errors="0" timestamp="2025-10-10T08:15:55 IST" skipped="0">
  <testcase classname="testLayer.TestClass1" name="testMethod1" time="22.935"/>
  <testcase classname="testLayer.TestClass1" name="testMethod2" time="21.854"/>
</testsuite> <!-- testLayer.TestClass1 -->
