<?xml version="1.0" encoding="UTF-8"?>
<!-- Generated by org.testng.reporters.JUnitReportReporter -->
<testsuite hostname="TBINMUPD-LP0025" failures="0" tests="2" name="testLayer.TestClass1" time="52.815" errors="0" timestamp="2025-09-20T01:36:29 IST" skipped="0">
  <testcase classname="testLayer.TestClass1" name="testMethod1" time="25.962"/>
  <testcase classname="testLayer.TestClass1" name="testMethod2" time="26.853"/>
</testsuite> <!-- testLayer.TestClass1 -->
