<?xml version="1.0" encoding="UTF-8"?>
<!-- Generated by org.testng.reporters.JUnitReportReporter -->
<testsuite hostname="TBINMUPD-LP0025" failures="0" tests="2" name="testLayer.TestClass2" time="53.627" errors="0" timestamp="2025-09-20T01:36:29 IST" skipped="0">
  <testcase classname="testLayer.TestClass2" name="testMethod4" time="36.943"/>
  <testcase classname="testLayer.TestClass2" name="testMethod3" time="16.684"/>
</testsuite> <!-- testLayer.TestClass2 -->
