<?xml version="1.0" encoding="UTF-8"?>
<!-- Generated by org.testng.reporters.JUnitReportReporter -->
<testsuite hostname="TBINMUPD-LP0025" failures="0" tests="2" name="testLayer.TestClass1" time="103.863" errors="0" timestamp="2025-09-20T02:30:24 IST" skipped="0">
  <testcase classname="testLayer.TestClass1" name="testMethod1" time="70.577"/>
  <testcase classname="testLayer.TestClass1" name="testMethod2" time="33.286"/>
</testsuite> <!-- testLayer.TestClass1 -->
