<?xml version="1.0" encoding="UTF-8"?>
<!-- Generated by org.testng.reporters.JUnitReportReporter -->
<testsuite hostname="TBINMUPD-LP0025" failures="0" tests="2" name="testLayer.TestClass1" time="104.345" errors="0" timestamp="2025-09-18T18:47:08 IST" skipped="0">
  <testcase classname="testLayer.TestClass1" name="testMethod1" time="53.155"/>
  <testcase classname="testLayer.TestClass1" name="testMethod1" time="51.190"/>
</testsuite> <!-- testLayer.TestClass1 -->
