<?xml version="1.0" encoding="UTF-8"?>
<!-- Generated by org.testng.reporters.JUnitReportReporter -->
<testsuite hostname="DESKTOP-4R6OVPN" failures="0" tests="1" name="testLayer.TestClass1" time="5.909" errors="0" timestamp="2025-10-09T23:54:33 IST" skipped="0">
  <testcase classname="testLayer.TestClass1" name="testMethod1" time="5.909"/>
</testsuite> <!-- testLayer.TestClass1 -->
