<?xml version="1.0" encoding="UTF-8"?>
<!-- Generated by org.testng.reporters.JUnitReportReporter -->
<testsuite hostname="TBINMUPD-LP0025" failures="0" tests="2" name="testLayer.TestClass1" time="58.809" errors="0" timestamp="2025-09-20T03:26:34 IST" skipped="0">
  <testcase classname="testLayer.TestClass1" name="testMethod1" time="24.297"/>
  <testcase classname="testLayer.TestClass1" name="testMethod2" time="34.512"/>
</testsuite> <!-- testLayer.TestClass1 -->
