<?xml version="1.0" encoding="UTF-8"?>
<!-- Generated by org.testng.reporters.JUnitReportReporter -->
<testsuite hostname="DESKTOP-4R6OVPN" failures="0" tests="1" name="testLayer.TestClass1" time="8.601" errors="0" timestamp="2025-10-02T12:47:48 IST" skipped="0">
  <testcase classname="testLayer.TestClass1" name="testMethod1" time="8.601"/>
</testsuite> <!-- testLayer.TestClass1 -->
