<?xml version="1.0" encoding="UTF-8"?>
<!-- Generated by org.testng.reporters.JUnitReportReporter -->
<testsuite hostname="TBINMUPD-LP0025" failures="0" tests="2" name="testLayer.TestClass2" time="142.514" errors="0" timestamp="2025-09-21T18:08:02 IST" skipped="0">
  <testcase classname="testLayer.TestClass2" name="testMethod12" time="79.903"/>
  <testcase classname="testLayer.TestClass2" name="testMethod13" time="62.611"/>
</testsuite> <!-- testLayer.TestClass2 -->
