<?xml version="1.0" encoding="UTF-8"?>
<!-- Generated by org.testng.reporters.JUnitReportReporter -->
<testsuite hostname="TBINMUPD-LP0025" failures="0" tests="2" name="testLayer.TestClass2" time="100.069" errors="0" timestamp="2025-09-18T18:47:08 IST" skipped="0">
  <testcase classname="testLayer.TestClass2" name="testMethod3" time="49.745"/>
  <testcase classname="testLayer.TestClass2" name="testMethod3" time="50.324"/>
</testsuite> <!-- testLayer.TestClass2 -->
