<?xml version="1.0" encoding="UTF-8"?>
<!-- Generated by org.testng.reporters.JUnitReportReporter -->
<testsuite hostname="TBINMUPD-LP0025" failures="0" tests="2" name="testLayer.TestClass1" time="145.449" errors="0" timestamp="2025-09-21T18:08:02 IST" skipped="0">
  <testcase classname="testLayer.TestClass1" name="testMethod11" time="71.508"/>
  <testcase classname="testLayer.TestClass1" name="testMethod1" time="73.941"/>
</testsuite> <!-- testLayer.TestClass1 -->
