<?xml version="1.0" encoding="UTF-8"?>
<!-- Generated by org.testng.reporters.JUnitReportReporter -->
<testsuite hostname="DESKTOP-4R6OVPN" failures="0" tests="5" name="testLayer.TestClass1" time="406.976" errors="0" timestamp="2025-10-10T11:20:58 IST" skipped="0">
  <testcase classname="testLayer.TestClass1" name="testMethod2" time="109.921"/>
  <testcase classname="testLayer.TestClass1" name="testMethod4" time="73.170"/>
  <testcase classname="testLayer.TestClass1" name="testMethod1" time="74.533"/>
  <testcase classname="testLayer.TestClass1" name="testMethod5" time="73.178"/>
  <testcase classname="testLayer.TestClass1" name="testMethod3" time="76.174"/>
</testsuite> <!-- testLayer.TestClass1 -->
